#
# There is insufficient memory for the Java Runtime Environment to continue.
# Native memory allocation (malloc) failed to allocate 1346096 bytes for Chunk::new
# Possible reasons:
#   The system is out of physical RAM or swap space
#   The process is running with CompressedOops enabled, and the Java Heap may be blocking the growth of the native heap
# Possible solutions:
#   Reduce memory load on the system
#   Increase physical memory or swap space
#   Check if swap backing store is full
#   Decrease Java heap size (-Xmx/-Xms)
#   Decrease number of Java threads
#   Decrease Java thread stack sizes (-Xss)
#   Set larger code cache with -XX:ReservedCodeCacheSize=
#   JVM is running with Unscaled Compressed Oops mode in which the Java heap is
#     placed in the first 4GB address space. The Java Heap base address is the
#     maximum limit for the native heap growth. Please use -XX:HeapBaseMinAddress
#     to set the Java Heap base and to place the Java Heap above 4GB virtual address.
# This output file may be truncated or incomplete.
#
#  Out of Memory Error (src/hotspot/share/memory/arena.cpp:197), pid=13876, tid=11352
#
# JRE version: OpenJDK Runtime Environment (11.0.15) (build 11.0.15+0-b2043.56-9505619)
# Java VM: OpenJDK 64-Bit Server VM (11.0.15+0-b2043.56-9505619, mixed mode, tiered, compressed oops, g1 gc, windows-amd64)
# No core dump will be written. Minidumps are not enabled by default on client versions of Windows
#

---------------  S U M M A R Y ------------

Command Line: --add-opens=java.base/java.util=ALL-UNNAMED --add-opens=java.base/java.lang=ALL-UNNAMED --add-opens=java.base/java.lang.invoke=ALL-UNNAMED --add-opens=java.base/java.util=ALL-UNNAMED --add-opens=java.prefs/java.util.prefs=ALL-UNNAMED --add-opens=java.prefs/java.util.prefs=ALL-UNNAMED --add-opens=java.base/java.nio.charset=ALL-UNNAMED --add-opens=java.base/java.net=ALL-UNNAMED --add-opens=java.base/java.util.concurrent.atomic=ALL-UNNAMED -Xmx2048m -Dfile.encoding=UTF-8 -Duser.country=IN -Duser.language=en -Duser.variant org.gradle.launcher.daemon.bootstrap.GradleDaemon 7.5

Host: Intel(R) Core(TM) i5-4300M CPU @ 2.60GHz, 4 cores, 7G,  Windows 10 , 64 bit Build 19041 (10.0.19041.3155)
Time: Tue Oct 10 14:16:09 2023 India Standard Time elapsed time: 7.033739 seconds (0d 0h 0m 7s)

---------------  T H R E A D  ---------------

Current thread (0x0000029fde9d7800):  JavaThread "C2 CompilerThread0" daemon [_thread_in_native, id=11352, stack(0x000000cdcea00000,0x000000cdceb00000)]


Current CompileTask:
C2:   7033 2682   !   4       java.net.URL::<init> (543 bytes)

Stack: [0x000000cdcea00000,0x000000cdceb00000]
Native frames: (J=compiled Java code, j=interpreted, Vv=VM code, C=native code)
V  [jvm.dll+0x64135a]
V  [jvm.dll+0x7d39f9]
V  [jvm.dll+0x7d51b9]
V  [jvm.dll+0x7d58a3]
V  [jvm.dll+0x2691c5]
V  [jvm.dll+0xc1a5c]
V  [jvm.dll+0xc200c]
V  [jvm.dll+0x377462]
V  [jvm.dll+0x342495]
V  [jvm.dll+0x34186a]
V  [jvm.dll+0x2214bd]
V  [jvm.dll+0x220498]
V  [jvm.dll+0x19e851]
V  [jvm.dll+0x230479]
V  [jvm.dll+0x22e5ef]
V  [jvm.dll+0x794de1]
V  [jvm.dll+0x78dc24]
V  [jvm.dll+0x6400f6]
C  [ucrtbase.dll+0x21bb2]
C  [KERNEL32.DLL+0x17614]
C  [ntdll.dll+0x526b1]


---------------  P R O C E S S  ---------------

Threads class SMR info:
_java_thread_list=0x0000029fe203bf90, length=34, elements={
0x0000029fc4da0000, 0x0000029fde9b4800, 0x0000029fde9b6000, 0x0000029fde9d0000,
0x0000029fde9d1000, 0x0000029fde9d4000, 0x0000029fde9d7800, 0x0000029fde9dc800,
0x0000029fde9e0000, 0x0000029fdf48a800, 0x0000029fe1baf800, 0x0000029fdf748800,
0x0000029fe12e0800, 0x0000029fe1448000, 0x0000029fe1658800, 0x0000029fe005f800,
0x0000029fe1f4b800, 0x0000029fe19c6800, 0x0000029fe19af000, 0x0000029fe1142800,
0x0000029fe1d0e800, 0x0000029fe1d0f800, 0x0000029fe1d10000, 0x0000029fe1d11000,
0x0000029fe1d0d800, 0x0000029fe1d14800, 0x0000029fe1d12000, 0x0000029fe1d12800,
0x0000029fe1d13800, 0x0000029fe2f3f000, 0x0000029fe2f3a800, 0x0000029fe2f3e800,
0x0000029fe2f3d800, 0x0000029fe2f40000
}

Java Threads: ( => current thread )
  0x0000029fc4da0000 JavaThread "main" [_thread_blocked, id=13764, stack(0x000000cdcde00000,0x000000cdcdf00000)]
  0x0000029fde9b4800 JavaThread "Reference Handler" daemon [_thread_blocked, id=2228, stack(0x000000cdce500000,0x000000cdce600000)]
  0x0000029fde9b6000 JavaThread "Finalizer" daemon [_thread_blocked, id=10128, stack(0x000000cdce600000,0x000000cdce700000)]
  0x0000029fde9d0000 JavaThread "Signal Dispatcher" daemon [_thread_blocked, id=12000, stack(0x000000cdce700000,0x000000cdce800000)]
  0x0000029fde9d1000 JavaThread "Attach Listener" daemon [_thread_blocked, id=10764, stack(0x000000cdce800000,0x000000cdce900000)]
  0x0000029fde9d4000 JavaThread "Service Thread" daemon [_thread_blocked, id=8708, stack(0x000000cdce900000,0x000000cdcea00000)]
=>0x0000029fde9d7800 JavaThread "C2 CompilerThread0" daemon [_thread_in_native, id=11352, stack(0x000000cdcea00000,0x000000cdceb00000)]
  0x0000029fde9dc800 JavaThread "C1 CompilerThread0" daemon [_thread_in_vm, id=5776, stack(0x000000cdceb00000,0x000000cdcec00000)]
  0x0000029fde9e0000 JavaThread "Sweeper thread" daemon [_thread_blocked, id=3768, stack(0x000000cdcec00000,0x000000cdced00000)]
  0x0000029fdf48a800 JavaThread "Common-Cleaner" daemon [_thread_blocked, id=3856, stack(0x000000cdced00000,0x000000cdcee00000)]
  0x0000029fe1baf800 JavaThread "Daemon health stats" [_thread_blocked, id=2804, stack(0x000000cdcf300000,0x000000cdcf400000)]
  0x0000029fdf748800 JavaThread "Incoming local TCP Connector on port 1471" [_thread_in_native, id=5012, stack(0x000000cdcef00000,0x000000cdcf000000)]
  0x0000029fe12e0800 JavaThread "Daemon periodic checks" [_thread_blocked, id=13924, stack(0x000000cdcf400000,0x000000cdcf500000)]
  0x0000029fe1448000 JavaThread "Daemon" [_thread_blocked, id=1208, stack(0x000000cdcf500000,0x000000cdcf600000)]
  0x0000029fe1658800 JavaThread "Handler for socket connection from /127.0.0.1:1471 to /127.0.0.1:1472" [_thread_in_native, id=13144, stack(0x000000cdcf600000,0x000000cdcf700000)]
  0x0000029fe005f800 JavaThread "Cancel handler" [_thread_blocked, id=1012, stack(0x000000cdcf700000,0x000000cdcf800000)]
  0x0000029fe1f4b800 JavaThread "Daemon worker" [_thread_in_vm, id=13496, stack(0x000000cdcf800000,0x000000cdcf900000)]
  0x0000029fe19c6800 JavaThread "Asynchronous log dispatcher for DefaultDaemonConnection: socket connection from /127.0.0.1:1471 to /127.0.0.1:1472" [_thread_blocked, id=13212, stack(0x000000cdcf900000,0x000000cdcfa00000)]
  0x0000029fe19af000 JavaThread "Stdin handler" [_thread_blocked, id=13152, stack(0x000000cdcfa00000,0x000000cdcfb00000)]
  0x0000029fe1142800 JavaThread "Daemon client event forwarder" [_thread_blocked, id=5500, stack(0x000000cdcfb00000,0x000000cdcfc00000)]
  0x0000029fe1d0e800 JavaThread "Cache worker for journal cache (C:\Users\Admin\.gradle\caches\journal-1)" [_thread_blocked, id=6448, stack(0x000000cdcfc00000,0x000000cdcfd00000)]
  0x0000029fe1d0f800 JavaThread "File lock request listener" [_thread_in_native, id=9552, stack(0x000000cdcfd00000,0x000000cdcfe00000)]
  0x0000029fe1d10000 JavaThread "Cache worker for file hash cache (C:\Users\Admin\.gradle\caches\7.5\fileHashes)" [_thread_blocked, id=13424, stack(0x000000cdcff00000,0x000000cdd0000000)]
  0x0000029fe1d11000 JavaThread "File watcher server" daemon [_thread_in_native, id=3608, stack(0x000000cdd0100000,0x000000cdd0200000)]
  0x0000029fe1d0d800 JavaThread "File watcher consumer" daemon [_thread_blocked, id=4080, stack(0x000000cdd0200000,0x000000cdd0300000)]
  0x0000029fe1d14800 JavaThread "jar transforms" [_thread_blocked, id=14136, stack(0x000000cdd0300000,0x000000cdd0400000)]
  0x0000029fe1d12000 JavaThread "jar transforms Thread 2" [_thread_blocked, id=12724, stack(0x000000cdd0400000,0x000000cdd0500000)]
  0x0000029fe1d12800 JavaThread "jar transforms Thread 3" [_thread_blocked, id=7808, stack(0x000000cdd0500000,0x000000cdd0600000)]
  0x0000029fe1d13800 JavaThread "jar transforms Thread 4" [_thread_blocked, id=9672, stack(0x000000cdd0600000,0x000000cdd0700000)]
  0x0000029fe2f3f000 JavaThread "Cache worker for checksums cache (D:\New folder\New folder\demo8copy\.gradle\7.5\checksums)" [_thread_blocked, id=11156, stack(0x000000cdd0700000,0x000000cdd0800000)]
  0x0000029fe2f3a800 JavaThread "Cache worker for cache directory md-rule (C:\Users\Admin\.gradle\caches\7.5\md-rule)" [_thread_blocked, id=3672, stack(0x000000cdd0000000,0x000000cdd0100000)]
  0x0000029fe2f3e800 JavaThread "Cache worker for file content cache (C:\Users\Admin\.gradle\caches\7.5\fileContent)" [_thread_blocked, id=6232, stack(0x000000cdd0800000,0x000000cdd0900000)]
  0x0000029fe2f3d800 JavaThread "Cache worker for file hash cache (D:\New folder\New folder\demo8copy\.gradle\7.5\fileHashes)" [_thread_blocked, id=13272, stack(0x000000cdd0900000,0x000000cdd0a00000)]
  0x0000029fe2f40000 JavaThread "Cache worker for cache directory md-supplier (C:\Users\Admin\.gradle\caches\7.5\md-supplier)" [_thread_blocked, id=13360, stack(0x000000cdd0a00000,0x000000cdd0b00000)]

Other Threads:
  0x0000029fde9b1800 VMThread "VM Thread" [stack: 0x000000cdce400000,0x000000cdce500000] [id=8944]
  0x0000029fdf48b800 WatcherThread [stack: 0x000000cdcee00000,0x000000cdcef00000] [id=14776]
  0x0000029fc4dba000 GCTaskThread "GC Thread#0" [stack: 0x000000cdcdf00000,0x000000cdce000000] [id=3216]
  0x0000029fdfcbb800 GCTaskThread "GC Thread#1" [stack: 0x000000cdcf000000,0x000000cdcf100000] [id=7912]
  0x0000029fe00a1800 GCTaskThread "GC Thread#2" [stack: 0x000000cdcf100000,0x000000cdcf200000] [id=7348]
  0x0000029fe1b3c800 GCTaskThread "GC Thread#3" [stack: 0x000000cdcfe00000,0x000000cdcff00000] [id=2380]
  0x0000029fc4dec800 ConcurrentGCThread "G1 Main Marker" [stack: 0x000000cdce000000,0x000000cdce100000] [id=8016]
  0x0000029fc4def800 ConcurrentGCThread "G1 Conc#0" [stack: 0x000000cdce100000,0x000000cdce200000] [id=13612]
  0x0000029fc4e7d800 ConcurrentGCThread "G1 Refine#0" [stack: 0x000000cdce200000,0x000000cdce300000] [id=10660]
  0x0000029fe1769800 ConcurrentGCThread "G1 Refine#1" [stack: 0x000000cdcf200000,0x000000cdcf300000] [id=6784]
  0x0000029fc4e7e800 ConcurrentGCThread "G1 Young RemSet Sampling" [stack: 0x000000cdce300000,0x000000cdce400000] [id=12256]

Threads with active compile tasks:
C2 CompilerThread0     7067 2682   !   4       java.net.URL::<init> (543 bytes)
C1 CompilerThread0     7067 2735       3       org.objectweb.asm.MethodWriter::endCurrentBasicBlockWithNoSuccessor (94 bytes)

VM state:not at safepoint (normal execution)

VM Mutex/Monitor currently owned by a thread: None

Heap address: 0x0000000080000000, size: 2048 MB, Compressed Oops mode: 32-bit
Narrow klass base: 0x0000000000000000, Narrow klass shift: 3
Compressed class space size: 1073741824 Address: 0x0000000100000000

Heap:
 garbage-first heap   total 131072K, used 59821K [0x0000000080000000, 0x0000000100000000)
  region size 1024K, 16 young (16384K), 8 survivors (8192K)
 Metaspace       used 31203K, capacity 32173K, committed 32380K, reserved 1077248K
  class space    used 4167K, capacity 4536K, committed 4556K, reserved 1048576K
Heap Regions: E=young(eden), S=young(survivor), O=old, HS=humongous(starts), HC=humongous(continues), CS=collection set, F=free, A=archive, TAMS=top-at-mark-start (previous, next)
|   0|0x0000000080000000, 0x0000000080100000, 0x0000000080100000|100%|HS|  |TAMS 0x0000000080100000, 0x0000000080000000| Complete 
|   1|0x0000000080100000, 0x0000000080200000, 0x0000000080200000|100%|HC|  |TAMS 0x0000000080200000, 0x0000000080100000| Complete 
|   2|0x0000000080200000, 0x0000000080300000, 0x0000000080300000|100%|HC|  |TAMS 0x0000000080300000, 0x0000000080200000| Complete 
|   3|0x0000000080300000, 0x0000000080400000, 0x0000000080400000|100%| O|  |TAMS 0x0000000080400000, 0x0000000080300000| Untracked 
|   4|0x0000000080400000, 0x0000000080500000, 0x0000000080500000|100%| O|  |TAMS 0x0000000080500000, 0x0000000080400000| Untracked 
|   5|0x0000000080500000, 0x0000000080600000, 0x0000000080600000|100%| O|  |TAMS 0x0000000080600000, 0x0000000080500000| Untracked 
|   6|0x0000000080600000, 0x0000000080700000, 0x0000000080700000|100%| O|  |TAMS 0x0000000080700000, 0x0000000080600000| Untracked 
|   7|0x0000000080700000, 0x0000000080800000, 0x0000000080800000|100%| O|  |TAMS 0x0000000080800000, 0x0000000080700000| Untracked 
|   8|0x0000000080800000, 0x0000000080900000, 0x0000000080900000|100%| O|  |TAMS 0x0000000080900000, 0x0000000080800000| Untracked 
|   9|0x0000000080900000, 0x0000000080a00000, 0x0000000080a00000|100%| O|  |TAMS 0x0000000080a00000, 0x0000000080900000| Untracked 
|  10|0x0000000080a00000, 0x0000000080b00000, 0x0000000080b00000|100%| O|  |TAMS 0x0000000080b00000, 0x0000000080a00000| Untracked 
|  11|0x0000000080b00000, 0x0000000080c00000, 0x0000000080c00000|100%| O|  |TAMS 0x0000000080c00000, 0x0000000080b00000| Untracked 
|  12|0x0000000080c00000, 0x0000000080d00000, 0x0000000080d00000|100%| O|  |TAMS 0x0000000080d00000, 0x0000000080c00000| Untracked 
|  13|0x0000000080d00000, 0x0000000080e00000, 0x0000000080e00000|100%| O|  |TAMS 0x0000000080d5ca00, 0x0000000080d00000| Untracked 
|  14|0x0000000080e00000, 0x0000000080f00000, 0x0000000080f00000|100%|HS|  |TAMS 0x0000000080e00000, 0x0000000080e00000| Complete 
|  15|0x0000000080f00000, 0x0000000081000000, 0x0000000081000000|100%|HC|  |TAMS 0x0000000080f00000, 0x0000000080f00000| Complete 
|  16|0x0000000081000000, 0x0000000081100000, 0x0000000081100000|100%|HS|  |TAMS 0x0000000081000000, 0x0000000081000000| Complete 
|  17|0x0000000081100000, 0x0000000081200000, 0x0000000081200000|100%|HC|  |TAMS 0x0000000081100000, 0x0000000081100000| Complete 
|  18|0x0000000081200000, 0x0000000081300000, 0x0000000081300000|100%|HC|  |TAMS 0x0000000081200000, 0x0000000081200000| Complete 
|  19|0x0000000081300000, 0x0000000081400000, 0x0000000081400000|100%|HS|  |TAMS 0x0000000081300000, 0x0000000081300000| Complete 
|  20|0x0000000081400000, 0x0000000081500000, 0x0000000081500000|100%|HC|  |TAMS 0x0000000081400000, 0x0000000081400000| Complete 
|  21|0x0000000081500000, 0x0000000081600000, 0x0000000081600000|100%|HC|  |TAMS 0x0000000081500000, 0x0000000081500000| Complete 
|  22|0x0000000081600000, 0x0000000081700000, 0x0000000081700000|100%|HC|  |TAMS 0x0000000081600000, 0x0000000081600000| Complete 
|  23|0x0000000081700000, 0x0000000081800000, 0x0000000081800000|100%|HC|  |TAMS 0x0000000081700000, 0x0000000081700000| Complete 
|  24|0x0000000081800000, 0x0000000081900000, 0x0000000081900000|100%|HS|  |TAMS 0x0000000081800000, 0x0000000081800000| Complete 
|  25|0x0000000081900000, 0x0000000081a00000, 0x0000000081a00000|100%|HC|  |TAMS 0x0000000081900000, 0x0000000081900000| Complete 
|  26|0x0000000081a00000, 0x0000000081b00000, 0x0000000081b00000|100%|HS|  |TAMS 0x0000000081a00000, 0x0000000081a00000| Complete 
|  27|0x0000000081b00000, 0x0000000081c00000, 0x0000000081c00000|100%|HC|  |TAMS 0x0000000081b00000, 0x0000000081b00000| Complete 
|  28|0x0000000081c00000, 0x0000000081d00000, 0x0000000081d00000|100%|HC|  |TAMS 0x0000000081c00000, 0x0000000081c00000| Complete 
|  29|0x0000000081d00000, 0x0000000081e00000, 0x0000000081e00000|100%|HS|  |TAMS 0x0000000081d00000, 0x0000000081d00000| Complete 
|  30|0x0000000081e00000, 0x0000000081f00000, 0x0000000081f00000|100%|HC|  |TAMS 0x0000000081e00000, 0x0000000081e00000| Complete 
|  31|0x0000000081f00000, 0x0000000082000000, 0x0000000082000000|100%|HC|  |TAMS 0x0000000081f00000, 0x0000000081f00000| Complete 
|  32|0x0000000082000000, 0x0000000082100000, 0x0000000082100000|100%|HC|  |TAMS 0x0000000082000000, 0x0000000082000000| Complete 
|  33|0x0000000082100000, 0x0000000082200000, 0x0000000082200000|100%|HC|  |TAMS 0x0000000082100000, 0x0000000082100000| Complete 
|  34|0x0000000082200000, 0x0000000082300000, 0x0000000082300000|100%|HC|  |TAMS 0x0000000082200000, 0x0000000082200000| Complete 
|  35|0x0000000082300000, 0x0000000082400000, 0x0000000082400000|100%|HC|  |TAMS 0x0000000082300000, 0x0000000082300000| Complete 
|  36|0x0000000082400000, 0x0000000082500000, 0x0000000082500000|100%|HC|  |TAMS 0x0000000082400000, 0x0000000082400000| Complete 
|  37|0x0000000082500000, 0x0000000082600000, 0x0000000082600000|100%|HC|  |TAMS 0x0000000082500000, 0x0000000082500000| Complete 
|  38|0x0000000082600000, 0x0000000082700000, 0x0000000082700000|100%|HC|  |TAMS 0x0000000082600000, 0x0000000082600000| Complete 
|  39|0x0000000082700000, 0x0000000082800000, 0x0000000082800000|100%|HS|  |TAMS 0x0000000082700000, 0x0000000082700000| Complete 
|  40|0x0000000082800000, 0x0000000082900000, 0x0000000082900000|100%|HC|  |TAMS 0x0000000082800000, 0x0000000082800000| Complete 
|  41|0x0000000082900000, 0x0000000082a00000, 0x0000000082a00000|100%| O|  |TAMS 0x0000000082900000, 0x0000000082900000| Untracked 
|  42|0x0000000082a00000, 0x0000000082b00000, 0x0000000082b00000|100%| O|  |TAMS 0x0000000082a00000, 0x0000000082a00000| Untracked 
|  43|0x0000000082b00000, 0x0000000082b6b400, 0x0000000082c00000| 41%| O|  |TAMS 0x0000000082b00000, 0x0000000082b00000| Untracked 
|  44|0x0000000082c00000, 0x0000000082c00000, 0x0000000082d00000|  0%| F|  |TAMS 0x0000000082c00000, 0x0000000082c00000| Untracked 
|  45|0x0000000082d00000, 0x0000000082d00000, 0x0000000082e00000|  0%| F|  |TAMS 0x0000000082d00000, 0x0000000082d00000| Untracked 
|  46|0x0000000082e00000, 0x0000000082e00000, 0x0000000082f00000|  0%| F|  |TAMS 0x0000000082e00000, 0x0000000082e00000| Untracked 
|  47|0x0000000082f00000, 0x0000000082f00000, 0x0000000083000000|  0%| F|  |TAMS 0x0000000082f00000, 0x0000000082f00000| Untracked 
|  48|0x0000000083000000, 0x0000000083000000, 0x0000000083100000|  0%| F|  |TAMS 0x0000000083000000, 0x0000000083000000| Untracked 
|  49|0x0000000083100000, 0x0000000083100000, 0x0000000083200000|  0%| F|  |TAMS 0x0000000083100000, 0x0000000083100000| Untracked 
|  50|0x0000000083200000, 0x0000000083200000, 0x0000000083300000|  0%| F|  |TAMS 0x0000000083200000, 0x0000000083200000| Untracked 
|  51|0x0000000083300000, 0x0000000083300000, 0x0000000083400000|  0%| F|  |TAMS 0x0000000083300000, 0x0000000083300000| Untracked 
|  52|0x0000000083400000, 0x0000000083400000, 0x0000000083500000|  0%| F|  |TAMS 0x0000000083400000, 0x0000000083400000| Untracked 
|  53|0x0000000083500000, 0x0000000083500000, 0x0000000083600000|  0%| F|  |TAMS 0x0000000083500000, 0x0000000083500000| Untracked 
|  54|0x0000000083600000, 0x0000000083600000, 0x0000000083700000|  0%| F|  |TAMS 0x0000000083600000, 0x0000000083600000| Untracked 
|  55|0x0000000083700000, 0x0000000083700000, 0x0000000083800000|  0%| F|  |TAMS 0x0000000083700000, 0x0000000083700000| Untracked 
|  56|0x0000000083800000, 0x0000000083800000, 0x0000000083900000|  0%| F|  |TAMS 0x0000000083800000, 0x0000000083800000| Untracked 
|  57|0x0000000083900000, 0x0000000083900000, 0x0000000083a00000|  0%| F|  |TAMS 0x0000000083900000, 0x0000000083900000| Untracked 
|  58|0x0000000083a00000, 0x0000000083a00000, 0x0000000083b00000|  0%| F|  |TAMS 0x0000000083a00000, 0x0000000083a00000| Untracked 
|  59|0x0000000083b00000, 0x0000000083b00000, 0x0000000083c00000|  0%| F|  |TAMS 0x0000000083b00000, 0x0000000083b00000| Untracked 
|  60|0x0000000083c00000, 0x0000000083c00000, 0x0000000083d00000|  0%| F|  |TAMS 0x0000000083c00000, 0x0000000083c00000| Untracked 
|  61|0x0000000083d00000, 0x0000000083e00000, 0x0000000083e00000|100%| S|CS|TAMS 0x0000000083d00000, 0x0000000083d00000| Complete 
|  62|0x0000000083e00000, 0x0000000083f00000, 0x0000000083f00000|100%| S|CS|TAMS 0x0000000083e00000, 0x0000000083e00000| Complete 
|  63|0x0000000083f00000, 0x0000000084000000, 0x0000000084000000|100%| S|CS|TAMS 0x0000000083f00000, 0x0000000083f00000| Complete 
|  64|0x0000000084000000, 0x0000000084100000, 0x0000000084100000|100%| S|CS|TAMS 0x0000000084000000, 0x0000000084000000| Complete 
|  65|0x0000000084100000, 0x0000000084200000, 0x0000000084200000|100%| S|CS|TAMS 0x0000000084100000, 0x0000000084100000| Complete 
|  66|0x0000000084200000, 0x0000000084300000, 0x0000000084300000|100%| S|CS|TAMS 0x0000000084200000, 0x0000000084200000| Complete 
|  67|0x0000000084300000, 0x0000000084400000, 0x0000000084400000|100%| S|CS|TAMS 0x0000000084300000, 0x0000000084300000| Complete 
|  68|0x0000000084400000, 0x0000000084500000, 0x0000000084500000|100%| S|CS|TAMS 0x0000000084400000, 0x0000000084400000| Complete 
|  69|0x0000000084500000, 0x0000000084500000, 0x0000000084600000|  0%| F|  |TAMS 0x0000000084500000, 0x0000000084500000| Untracked 
|  70|0x0000000084600000, 0x0000000084600000, 0x0000000084700000|  0%| F|  |TAMS 0x0000000084600000, 0x0000000084600000| Untracked 
|  71|0x0000000084700000, 0x0000000084700000, 0x0000000084800000|  0%| F|  |TAMS 0x0000000084700000, 0x0000000084700000| Untracked 
|  72|0x0000000084800000, 0x0000000084800000, 0x0000000084900000|  0%| F|  |TAMS 0x0000000084800000, 0x0000000084800000| Untracked 
|  73|0x0000000084900000, 0x0000000084900000, 0x0000000084a00000|  0%| F|  |TAMS 0x0000000084900000, 0x0000000084900000| Untracked 
|  74|0x0000000084a00000, 0x0000000084a00000, 0x0000000084b00000|  0%| F|  |TAMS 0x0000000084a00000, 0x0000000084a00000| Untracked 
|  75|0x0000000084b00000, 0x0000000084b00000, 0x0000000084c00000|  0%| F|  |TAMS 0x0000000084b00000, 0x0000000084b00000| Untracked 
|  76|0x0000000084c00000, 0x0000000084c00000, 0x0000000084d00000|  0%| F|  |TAMS 0x0000000084c00000, 0x0000000084c00000| Untracked 
|  77|0x0000000084d00000, 0x0000000084d00000, 0x0000000084e00000|  0%| F|  |TAMS 0x0000000084d00000, 0x0000000084d00000| Untracked 
|  78|0x0000000084e00000, 0x0000000084e00000, 0x0000000084f00000|  0%| F|  |TAMS 0x0000000084e00000, 0x0000000084e00000| Untracked 
|  79|0x0000000084f00000, 0x0000000084f00000, 0x0000000085000000|  0%| F|  |TAMS 0x0000000084f00000, 0x0000000084f00000| Untracked 
|  80|0x0000000085000000, 0x0000000085000000, 0x0000000085100000|  0%| F|  |TAMS 0x0000000085000000, 0x0000000085000000| Untracked 
|  81|0x0000000085100000, 0x0000000085100000, 0x0000000085200000|  0%| F|  |TAMS 0x0000000085100000, 0x0000000085100000| Untracked 
|  82|0x0000000085200000, 0x0000000085200000, 0x0000000085300000|  0%| F|  |TAMS 0x0000000085200000, 0x0000000085200000| Untracked 
|  83|0x0000000085300000, 0x0000000085300000, 0x0000000085400000|  0%| F|  |TAMS 0x0000000085300000, 0x0000000085300000| Untracked 
|  84|0x0000000085400000, 0x0000000085400000, 0x0000000085500000|  0%| F|  |TAMS 0x0000000085400000, 0x0000000085400000| Untracked 
|  85|0x0000000085500000, 0x0000000085500000, 0x0000000085600000|  0%| F|  |TAMS 0x0000000085500000, 0x0000000085500000| Untracked 
|  86|0x0000000085600000, 0x0000000085600000, 0x0000000085700000|  0%| F|  |TAMS 0x0000000085600000, 0x0000000085600000| Untracked 
|  87|0x0000000085700000, 0x0000000085700000, 0x0000000085800000|  0%| F|  |TAMS 0x0000000085700000, 0x0000000085700000| Untracked 
|  88|0x0000000085800000, 0x0000000085800000, 0x0000000085900000|  0%| F|  |TAMS 0x0000000085800000, 0x0000000085800000| Untracked 
|  89|0x0000000085900000, 0x0000000085900000, 0x0000000085a00000|  0%| F|  |TAMS 0x0000000085900000, 0x0000000085900000| Untracked 
|  90|0x0000000085a00000, 0x0000000085a00000, 0x0000000085b00000|  0%| F|  |TAMS 0x0000000085a00000, 0x0000000085a00000| Untracked 
|  91|0x0000000085b00000, 0x0000000085b00000, 0x0000000085c00000|  0%| F|  |TAMS 0x0000000085b00000, 0x0000000085b00000| Untracked 
|  92|0x0000000085c00000, 0x0000000085c00000, 0x0000000085d00000|  0%| F|  |TAMS 0x0000000085c00000, 0x0000000085c00000| Untracked 
|  93|0x0000000085d00000, 0x0000000085d00000, 0x0000000085e00000|  0%| F|  |TAMS 0x0000000085d00000, 0x0000000085d00000| Untracked 
|  94|0x0000000085e00000, 0x0000000085e00000, 0x0000000085f00000|  0%| F|  |TAMS 0x0000000085e00000, 0x0000000085e00000| Untracked 
|  95|0x0000000085f00000, 0x0000000085f00000, 0x0000000086000000|  0%| F|  |TAMS 0x0000000085f00000, 0x0000000085f00000| Untracked 
|  96|0x0000000086000000, 0x0000000086000000, 0x0000000086100000|  0%| F|  |TAMS 0x0000000086000000, 0x0000000086000000| Untracked 
|  97|0x0000000086100000, 0x0000000086100000, 0x0000000086200000|  0%| F|  |TAMS 0x0000000086100000, 0x0000000086100000| Untracked 
|  98|0x0000000086200000, 0x0000000086200000, 0x0000000086300000|  0%| F|  |TAMS 0x0000000086200000, 0x0000000086200000| Untracked 
|  99|0x0000000086300000, 0x0000000086300000, 0x0000000086400000|  0%| F|  |TAMS 0x0000000086300000, 0x0000000086300000| Untracked 
| 100|0x0000000086400000, 0x0000000086400000, 0x0000000086500000|  0%| F|  |TAMS 0x0000000086400000, 0x0000000086400000| Untracked 
| 101|0x0000000086500000, 0x0000000086500000, 0x0000000086600000|  0%| F|  |TAMS 0x0000000086500000, 0x0000000086500000| Untracked 
| 102|0x0000000086600000, 0x0000000086600000, 0x0000000086700000|  0%| F|  |TAMS 0x0000000086600000, 0x0000000086600000| Untracked 
| 103|0x0000000086700000, 0x0000000086700000, 0x0000000086800000|  0%| F|  |TAMS 0x0000000086700000, 0x0000000086700000| Untracked 
| 104|0x0000000086800000, 0x0000000086800000, 0x0000000086900000|  0%| F|  |TAMS 0x0000000086800000, 0x0000000086800000| Untracked 
| 105|0x0000000086900000, 0x0000000086900000, 0x0000000086a00000|  0%| F|  |TAMS 0x0000000086900000, 0x0000000086900000| Untracked 
| 106|0x0000000086a00000, 0x0000000086a00000, 0x0000000086b00000|  0%| F|  |TAMS 0x0000000086a00000, 0x0000000086a00000| Untracked 
| 107|0x0000000086b00000, 0x0000000086b00000, 0x0000000086c00000|  0%| F|  |TAMS 0x0000000086b00000, 0x0000000086b00000| Untracked 
| 108|0x0000000086c00000, 0x0000000086c00000, 0x0000000086d00000|  0%| F|  |TAMS 0x0000000086c00000, 0x0000000086c00000| Untracked 
| 109|0x0000000086d00000, 0x0000000086d00000, 0x0000000086e00000|  0%| F|  |TAMS 0x0000000086d00000, 0x0000000086d00000| Untracked 
| 110|0x0000000086e00000, 0x0000000086e00000, 0x0000000086f00000|  0%| F|  |TAMS 0x0000000086e00000, 0x0000000086e00000| Untracked 
| 111|0x0000000086f00000, 0x0000000086f00000, 0x0000000087000000|  0%| F|  |TAMS 0x0000000086f00000, 0x0000000086f00000| Untracked 
| 112|0x0000000087000000, 0x0000000087000000, 0x0000000087100000|  0%| F|  |TAMS 0x0000000087000000, 0x0000000087000000| Untracked 
| 113|0x0000000087100000, 0x0000000087100000, 0x0000000087200000|  0%| F|  |TAMS 0x0000000087100000, 0x0000000087100000| Untracked 
| 114|0x0000000087200000, 0x0000000087200000, 0x0000000087300000|  0%| F|  |TAMS 0x0000000087200000, 0x0000000087200000| Untracked 
| 115|0x0000000087300000, 0x0000000087300000, 0x0000000087400000|  0%| F|  |TAMS 0x0000000087300000, 0x0000000087300000| Untracked 
| 116|0x0000000087400000, 0x0000000087400000, 0x0000000087500000|  0%| F|  |TAMS 0x0000000087400000, 0x0000000087400000| Untracked 
| 117|0x0000000087500000, 0x0000000087500000, 0x0000000087600000|  0%| F|  |TAMS 0x0000000087500000, 0x0000000087500000| Untracked 
| 118|0x0000000087600000, 0x0000000087600000, 0x0000000087700000|  0%| F|  |TAMS 0x0000000087600000, 0x0000000087600000| Untracked 
| 119|0x0000000087700000, 0x0000000087700000, 0x0000000087800000|  0%| F|  |TAMS 0x0000000087700000, 0x0000000087700000| Untracked 
| 120|0x0000000087800000, 0x0000000087800800, 0x0000000087900000|  0%| E|  |TAMS 0x0000000087800000, 0x0000000087800000| Complete 
| 121|0x0000000087900000, 0x0000000087a00000, 0x0000000087a00000|100%| E|CS|TAMS 0x0000000087900000, 0x0000000087900000| Complete 
| 122|0x0000000087a00000, 0x0000000087b00000, 0x0000000087b00000|100%| E|CS|TAMS 0x0000000087a00000, 0x0000000087a00000| Complete 
| 123|0x0000000087b00000, 0x0000000087c00000, 0x0000000087c00000|100%| E|CS|TAMS 0x0000000087b00000, 0x0000000087b00000| Complete 
| 124|0x0000000087c00000, 0x0000000087d00000, 0x0000000087d00000|100%| E|CS|TAMS 0x0000000087c00000, 0x0000000087c00000| Complete 
| 125|0x0000000087d00000, 0x0000000087e00000, 0x0000000087e00000|100%| E|CS|TAMS 0x0000000087d00000, 0x0000000087d00000| Complete 
| 126|0x0000000087e00000, 0x0000000087f00000, 0x0000000087f00000|100%| E|CS|TAMS 0x0000000087e00000, 0x0000000087e00000| Complete 
| 127|0x0000000087f00000, 0x0000000088000000, 0x0000000088000000|100%| E|CS|TAMS 0x0000000087f00000, 0x0000000087f00000| Complete 

Card table byte_map: [0x0000029fd7cd0000,0x0000029fd80d0000] _byte_map_base: 0x0000029fd78d0000

Marking Bits (Prev, Next): (CMBitMap*) 0x0000029fc4de3930, (CMBitMap*) 0x0000029fc4de38f8
 Prev Bits: [0x0000029fda4d0000, 0x0000029fdc4d0000)
 Next Bits: [0x0000029fd84d0000, 0x0000029fda4d0000)

Polling page: 0x0000029fc2cc0000

Metaspace:

Usage:
  Non-class:     26.99 MB capacity,    26.41 MB ( 98%) used,   519.77 KB (  2%) free+waste,    76.38 KB ( <1%) overhead. 
      Class:      4.43 MB capacity,     4.07 MB ( 92%) used,   329.70 KB (  7%) free+waste,    39.00 KB ( <1%) overhead. 
       Both:     31.42 MB capacity,    30.48 MB ( 97%) used,   849.47 KB (  3%) free+waste,   115.38 KB ( <1%) overhead. 

Virtual space:
  Non-class space:       28.00 MB reserved,      27.17 MB ( 97%) committed 
      Class space:        1.00 GB reserved,       4.45 MB ( <1%) committed 
             Both:        1.03 GB reserved,      31.62 MB (  3%) committed 

Chunk freelists:
   Non-Class:  59.00 KB
       Class:  8.00 KB
        Both:  67.00 KB

MaxMetaspaceSize: 17179869184.00 GB
CompressedClassSpaceSize: 1.00 GB
Initial GC threshold: 20.80 MB
Current GC threshold: 35.20 MB
CDS: off

CodeHeap 'non-profiled nmethods': size=120064Kb used=1448Kb max_used=1448Kb free=118615Kb
 bounds [0x0000029fd0390000, 0x0000029fd0600000, 0x0000029fd78d0000]
CodeHeap 'profiled nmethods': size=120000Kb used=5772Kb max_used=5772Kb free=114227Kb
 bounds [0x0000029fc8e60000, 0x0000029fc9410000, 0x0000029fd0390000]
CodeHeap 'non-nmethods': size=5696Kb used=1235Kb max_used=1288Kb free=4460Kb
 bounds [0x0000029fc88d0000, 0x0000029fc8b40000, 0x0000029fc8e60000]
 total_blobs=3250 nmethods=2736 adapters=426
 compilation: enabled
              stopped_count=0, restarted_count=0
 full_count=0

Compilation events (20 events):
Event: 6.790 Thread 0x0000029fde9dc800 2700       3       jdk.internal.org.objectweb.asm.FieldWriter::visitEnd (1 bytes)
Event: 6.790 Thread 0x0000029fde9dc800 nmethod 2700 0x0000029fc93e9b10 code [0x0000029fc93e9cc0, 0x0000029fc93e9db8]
Event: 6.791 Thread 0x0000029fde9dc800 2701       3       jdk.internal.org.objectweb.asm.FieldVisitor::<init> (35 bytes)
Event: 6.791 Thread 0x0000029fde9dc800 nmethod 2701 0x0000029fc93e9e90 code [0x0000029fc93ea060, 0x0000029fc93ea348]
Event: 6.805 Thread 0x0000029fde9dc800 2703       3       com.google.common.cache.LocalCache::usesAccessQueue (20 bytes)
Event: 6.805 Thread 0x0000029fde9dc800 nmethod 2703 0x0000029fc93ea490 code [0x0000029fc93ea660, 0x0000029fc93ea998]
Event: 6.827 Thread 0x0000029fde9dc800 2704       3       java.lang.invoke.LambdaForm$NamedFunction::<init> (82 bytes)
Event: 6.828 Thread 0x0000029fde9dc800 nmethod 2704 0x0000029fc93eaa90 code [0x0000029fc93eac60, 0x0000029fc93eaed8]
Event: 6.843 Thread 0x0000029fde9dc800 2705       3       java.lang.reflect.ProxyGenerator$MethodInfo::<init> (86 bytes)
Event: 6.844 Thread 0x0000029fde9dc800 nmethod 2705 0x0000029fc93eaf90 code [0x0000029fc93eb240, 0x0000029fc93ebe28]
Event: 6.844 Thread 0x0000029fde9dc800 2706       3       java.lang.reflect.ProxyGenerator::codeClassForName (41 bytes)
Event: 6.845 Thread 0x0000029fde9dc800 nmethod 2706 0x0000029fc93ec310 code [0x0000029fc93ec680, 0x0000029fc93eda58]
Event: 6.845 Thread 0x0000029fde9dc800 2708       3       java.lang.reflect.ProxyGenerator$MethodInfo::write (283 bytes)
Event: 6.850 Thread 0x0000029fde9dc800 nmethod 2708 0x0000029fc93ee310 code [0x0000029fc93ee9e0, 0x0000029fc93f2d88]
Event: 6.851 Thread 0x0000029fde9dc800 2707       3       java.lang.reflect.ProxyGenerator::code_astore (11 bytes)
Event: 6.851 Thread 0x0000029fde9dc800 nmethod 2707 0x0000029fc93f4290 code [0x0000029fc93f4440, 0x0000029fc93f4588]
Event: 6.870 Thread 0x0000029fde9dc800 2709       3       java.lang.invoke.ClassSpecializer$SpeciesData::fieldCount (10 bytes)
Event: 6.870 Thread 0x0000029fde9dc800 nmethod 2709 0x0000029fc93f4610 code [0x0000029fc93f47c0, 0x0000029fc93f4988]
Event: 6.871 Thread 0x0000029fde9dc800 2710       3       java.lang.invoke.InfoFromMemberName::getDeclaringClass (8 bytes)
Event: 6.871 Thread 0x0000029fde9dc800 nmethod 2710 0x0000029fc93f4a90 code [0x0000029fc93f4c40, 0x0000029fc93f4d58]

GC Heap History (12 events):
Event: 0.847 GC heap before
{Heap before GC invocations=0 (full 0):
 garbage-first heap   total 131072K, used 16384K [0x0000000080000000, 0x0000000100000000)
  region size 1024K, 14 young (14336K), 0 survivors (0K)
 Metaspace       used 6757K, capacity 6993K, committed 7168K, reserved 1056768K
  class space    used 571K, capacity 650K, committed 768K, reserved 1048576K
}
Event: 0.854 GC heap after
{Heap after GC invocations=1 (full 0):
 garbage-first heap   total 131072K, used 3890K [0x0000000080000000, 0x0000000100000000)
  region size 1024K, 2 young (2048K), 2 survivors (2048K)
 Metaspace       used 6757K, capacity 6993K, committed 7168K, reserved 1056768K
  class space    used 571K, capacity 650K, committed 768K, reserved 1048576K
}
Event: 2.332 GC heap before
{Heap before GC invocations=1 (full 0):
 garbage-first heap   total 131072K, used 57138K [0x0000000080000000, 0x0000000100000000)
  region size 1024K, 51 young (52224K), 2 survivors (2048K)
 Metaspace       used 11447K, capacity 11766K, committed 11904K, reserved 1060864K
  class space    used 1190K, capacity 1286K, committed 1408K, reserved 1048576K
}
Event: 2.341 GC heap after
{Heap after GC invocations=2 (full 0):
 garbage-first heap   total 131072K, used 13840K [0x0000000080000000, 0x0000000100000000)
  region size 1024K, 7 young (7168K), 7 survivors (7168K)
 Metaspace       used 11447K, capacity 11766K, committed 11904K, reserved 1060864K
  class space    used 1190K, capacity 1286K, committed 1408K, reserved 1048576K
}
Event: 4.147 GC heap before
{Heap before GC invocations=2 (full 0):
 garbage-first heap   total 131072K, used 52752K [0x0000000080000000, 0x0000000100000000)
  region size 1024K, 45 young (46080K), 7 survivors (7168K)
 Metaspace       used 19410K, capacity 19890K, committed 20224K, reserved 1067008K
  class space    used 2283K, capacity 2434K, committed 2560K, reserved 1048576K
}
Event: 4.164 GC heap after
{Heap after GC invocations=3 (full 0):
 garbage-first heap   total 131072K, used 16531K [0x0000000080000000, 0x0000000100000000)
  region size 1024K, 3 young (3072K), 3 survivors (3072K)
 Metaspace       used 19410K, capacity 19890K, committed 20224K, reserved 1067008K
  class space    used 2283K, capacity 2434K, committed 2560K, reserved 1048576K
}
Event: 4.384 GC heap before
{Heap before GC invocations=3 (full 0):
 garbage-first heap   total 131072K, used 30867K [0x0000000080000000, 0x0000000100000000)
  region size 1024K, 18 young (18432K), 3 survivors (3072K)
 Metaspace       used 20782K, capacity 21132K, committed 21296K, reserved 1069056K
  class space    used 2510K, capacity 2635K, committed 2688K, reserved 1048576K
}
Event: 4.391 GC heap after
{Heap after GC invocations=4 (full 0):
 garbage-first heap   total 131072K, used 16881K [0x0000000080000000, 0x0000000100000000)
  region size 1024K, 4 young (4096K), 4 survivors (4096K)
 Metaspace       used 20782K, capacity 21132K, committed 21296K, reserved 1069056K
  class space    used 2510K, capacity 2635K, committed 2688K, reserved 1048576K
}
Event: 5.282 GC heap before
{Heap before GC invocations=5 (full 0):
 garbage-first heap   total 131072K, used 67057K [0x0000000080000000, 0x0000000100000000)
  region size 1024K, 53 young (54272K), 4 survivors (4096K)
 Metaspace       used 25776K, capacity 26390K, committed 26620K, reserved 1073152K
  class space    used 3322K, capacity 3566K, committed 3660K, reserved 1048576K
}
Event: 5.290 GC heap after
{Heap after GC invocations=6 (full 0):
 garbage-first heap   total 131072K, used 18672K [0x0000000080000000, 0x0000000100000000)
  region size 1024K, 5 young (5120K), 5 survivors (5120K)
 Metaspace       used 25776K, capacity 26390K, committed 26620K, reserved 1073152K
  class space    used 3322K, capacity 3566K, committed 3660K, reserved 1048576K
}
Event: 6.764 GC heap before
{Heap before GC invocations=6 (full 0):
 garbage-first heap   total 131072K, used 101616K [0x0000000080000000, 0x0000000100000000)
  region size 1024K, 59 young (60416K), 5 survivors (5120K)
 Metaspace       used 30710K, capacity 31584K, committed 31740K, reserved 1077248K
  class space    used 4092K, capacity 4424K, committed 4428K, reserved 1048576K
}
Event: 6.778 GC heap after
{Heap after GC invocations=7 (full 0):
 garbage-first heap   total 131072K, used 52653K [0x0000000080000000, 0x0000000100000000)
  region size 1024K, 8 young (8192K), 8 survivors (8192K)
 Metaspace       used 30710K, capacity 31584K, committed 31740K, reserved 1077248K
  class space    used 4092K, capacity 4424K, committed 4428K, reserved 1048576K
}

Deoptimization events (20 events):
Event: 5.917 Thread 0x0000029fe1f4b800 DEOPT PACKING pc=0x0000029fc8f3ad28 sp=0x000000cdcf8f73b0
Event: 5.917 Thread 0x0000029fe1f4b800 DEOPT UNPACKING pc=0x0000029fc891a95e sp=0x000000cdcf8f6880 mode 0
Event: 5.919 Thread 0x0000029fe1f4b800 DEOPT PACKING pc=0x0000029fc8f3ad28 sp=0x000000cdcf8f5700
Event: 5.919 Thread 0x0000029fe1f4b800 DEOPT UNPACKING pc=0x0000029fc891a95e sp=0x000000cdcf8f4bd0 mode 0
Event: 5.940 Thread 0x0000029fe1f4b800 DEOPT PACKING pc=0x0000029fc9359684 sp=0x000000cdcf8f3970
Event: 5.940 Thread 0x0000029fe1f4b800 DEOPT UNPACKING pc=0x0000029fc891a95e sp=0x000000cdcf8f2f48 mode 0
Event: 5.945 Thread 0x0000029fe1f4b800 DEOPT PACKING pc=0x0000029fc8f2949b sp=0x000000cdcf8f3e60
Event: 5.945 Thread 0x0000029fe1f4b800 DEOPT UNPACKING pc=0x0000029fc891a95e sp=0x000000cdcf8f33a0 mode 0
Event: 6.011 Thread 0x0000029fe1f4b800 DEOPT PACKING pc=0x0000029fc9359684 sp=0x000000cdcf8f3970
Event: 6.011 Thread 0x0000029fe1f4b800 DEOPT UNPACKING pc=0x0000029fc891a95e sp=0x000000cdcf8f2f48 mode 0
Event: 6.061 Thread 0x0000029fe1f4b800 DEOPT PACKING pc=0x0000029fc9194649 sp=0x000000cdcf8f8230
Event: 6.061 Thread 0x0000029fe1f4b800 DEOPT UNPACKING pc=0x0000029fc891a95e sp=0x000000cdcf8f76a8 mode 0
Event: 6.678 Thread 0x0000029fe1f4b800 Uncommon trap: trap_request=0xffffff4d fr.pc=0x0000029fd048b2cc relative=0x000000000000020c
Event: 6.678 Thread 0x0000029fe1f4b800 Uncommon trap: reason=unstable_if action=reinterpret pc=0x0000029fd048b2cc method=java.util.HashMap.hash(Ljava/lang/Object;)I @ 1 c2
Event: 6.678 Thread 0x0000029fe1f4b800 DEOPT PACKING pc=0x0000029fd048b2cc sp=0x000000cdcf8f70d0
Event: 6.678 Thread 0x0000029fe1f4b800 DEOPT UNPACKING pc=0x0000029fc891a1af sp=0x000000cdcf8f7008 mode 2
Event: 6.697 Thread 0x0000029fe1f4b800 Uncommon trap: trap_request=0xffffffcc fr.pc=0x0000029fd04f61f8 relative=0x00000000000002b8
Event: 6.697 Thread 0x0000029fe1f4b800 Uncommon trap: reason=intrinsic_or_type_checked_inlining action=make_not_entrant pc=0x0000029fd04f61f8 method=java.util.Arrays.copyOf([Ljava/lang/Object;ILjava/lang/Class;)[Ljava/lang/Object; @ 35 c2
Event: 6.697 Thread 0x0000029fe1f4b800 DEOPT PACKING pc=0x0000029fd04f61f8 sp=0x000000cdcf8f7680
Event: 6.697 Thread 0x0000029fe1f4b800 DEOPT UNPACKING pc=0x0000029fc891a1af sp=0x000000cdcf8f7610 mode 2

Classes redefined (0 events):
No events

Internal exceptions (20 events):
Event: 6.071 Thread 0x0000029fe1f4b800 Exception <a 'java/lang/NoSuchMethodError'{0x0000000086b28d78}: <clinit>> (0x0000000086b28d78) thrown at [src/hotspot/share/prims/jni.cpp, line 1367]
Event: 6.072 Thread 0x0000029fe1f4b800 Exception <a 'java/lang/NoSuchMethodError'{0x0000000086b32fa8}: <clinit>> (0x0000000086b32fa8) thrown at [src/hotspot/share/prims/jni.cpp, line 1367]
Event: 6.073 Thread 0x0000029fe1f4b800 Exception <a 'java/lang/NoSuchMethodError'{0x0000000086b3cb10}: <clinit>> (0x0000000086b3cb10) thrown at [src/hotspot/share/prims/jni.cpp, line 1367]
Event: 6.074 Thread 0x0000029fe1f4b800 Exception <a 'java/lang/NoSuchMethodError'{0x0000000086b46820}: <clinit>> (0x0000000086b46820) thrown at [src/hotspot/share/prims/jni.cpp, line 1367]
Event: 6.092 Thread 0x0000029fe1f4b800 Exception <a 'java/lang/NoSuchMethodError'{0x0000000086bf4fd0}: <clinit>> (0x0000000086bf4fd0) thrown at [src/hotspot/share/prims/jni.cpp, line 1367]
Event: 6.093 Thread 0x0000029fe1f4b800 Exception <a 'java/lang/NoSuchMethodError'{0x0000000086bf7a08}: <clinit>> (0x0000000086bf7a08) thrown at [src/hotspot/share/prims/jni.cpp, line 1367]
Event: 6.094 Thread 0x0000029fe1f4b800 Exception <a 'java/lang/NoSuchMethodError'{0x0000000086bf9010}: <clinit>> (0x0000000086bf9010) thrown at [src/hotspot/share/prims/jni.cpp, line 1367]
Event: 6.094 Thread 0x0000029fe1f4b800 Exception <a 'java/lang/NoSuchMethodError'{0x0000000086bfa5a8}: <clinit>> (0x0000000086bfa5a8) thrown at [src/hotspot/share/prims/jni.cpp, line 1367]
Event: 6.094 Thread 0x0000029fe1f4b800 Exception <a 'java/lang/NoSuchMethodError'{0x0000000086bfbd08}: <clinit>> (0x0000000086bfbd08) thrown at [src/hotspot/share/prims/jni.cpp, line 1367]
Event: 6.094 Thread 0x0000029fe1f4b800 Exception <a 'java/lang/NoSuchMethodError'{0x0000000086bfd3a0}: <clinit>> (0x0000000086bfd3a0) thrown at [src/hotspot/share/prims/jni.cpp, line 1367]
Event: 6.094 Thread 0x0000029fe1f4b800 Exception <a 'java/lang/NoSuchMethodError'{0x0000000086bfe630}: <clinit>> (0x0000000086bfe630) thrown at [src/hotspot/share/prims/jni.cpp, line 1367]
Event: 6.130 Thread 0x0000029fe1f4b800 Exception <a 'java/lang/NoSuchMethodError'{0x0000000086865238}: 'java.lang.Object java.lang.invoke.Invokers$Holder.linkToTargetMethod(java.lang.Object, int, java.lang.Object)'> (0x0000000086865238) thrown at [src/hotspot/share/interpreter/linkResolver.cpp, line 773]
Event: 6.531 Thread 0x0000029fe1f4b800 Exception <a 'java/lang/NoSuchMethodError'{0x00000000856f4ed0}: 'java.lang.Object java.lang.invoke.DirectMethodHandle$Holder.invokeSpecialIFC(java.lang.Object, java.lang.Object, java.lang.Object, java.lang.Object)'> (0x00000000856f4ed0) thrown at [src/hotspot/share/interpreter/linkResolver.cpp, line 773]
Event: 6.678 Thread 0x0000029fe1f4b800 Implicit null exception at 0x0000029fd048b0f5 to 0x0000029fd048b2bc
Event: 6.753 Thread 0x0000029fe1f4b800 Exception <a 'java/lang/NoSuchMethodError'{0x000000008459e588}: 'java.lang.Object java.lang.invoke.DirectMethodHandle$Holder.invokeSpecial(java.lang.Object, java.lang.Object, java.lang.Object, java.lang.Object, java.lang.Object, java.lang.Object, java.lang.Object, java.lang.Object, java.lang.Object, java.lang.Object, java.lang.Object, java.lang.Object, java.lang.Object)'> (0x000000008459e588) thrown at [src/hotspot/share/interpreter/linkResolver.cpp, line 773]
Event: 6.755 Thread 0x0000029fe1f4b800 Exception <a 'java/lang/NoSuchMethodError'{0x00000000845af690}: 'java.lang.Object java.lang.invoke.DirectMethodHandle$Holder.invokeSpecial(java.lang.Object, java.lang.Object, java.lang.Object, java.lang.Object, java.lang.Object, java.lang.Object, java.lang.Object, java.lang.Object, java.lang.Object, java.lang.Object, java.lang.Object, java.lang.Object)'> (0x00000000845af690) thrown at [src/hotspot/share/interpreter/linkResolver.cpp, line 773]
Event: 6.756 Thread 0x0000029fe1f4b800 Exception <a 'java/lang/NoSuchMethodError'{0x00000000845b4a60}: 'java.lang.Object java.lang.invoke.Invokers$Holder.linkToTargetMethod(java.lang.Object, java.lang.Object, java.lang.Object, java.lang.Object, java.lang.Object, java.lang.Object, java.lang.Object, java.lang.Object, java.lang.Object, java.lang.Object, java.lang.Object)'> (0x00000000845b4a60) thrown at [src/hotspot/share/interpreter/linkResolver.cpp, line 773]
Event: 6.788 Thread 0x0000029fe1f4b800 Exception <a 'java/lang/NoSuchMethodError'{0x0000000087f52df0}: 'java.lang.Object java.lang.invoke.DirectMethodHandle$Holder.invokeSpecial(java.lang.Object, java.lang.Object, java.lang.Object, java.lang.Object, java.lang.Object, java.lang.Object, java.lang.Object, java.lang.Object, java.lang.Object, java.lang.Object, java.lang.Object, java.lang.Object, java.lang.Object, java.lang.Object)'> (0x0000000087f52df0) thrown at [src/hotspot/share/interpreter/linkResolver.cpp, line 773]
Event: 6.789 Thread 0x0000029fe1f4b800 Exception <a 'java/lang/NoSuchMethodError'{0x0000000087f647d8}: 'java.lang.Object java.lang.invoke.Invokers$Holder.linkToTargetMethod(java.lang.Object, java.lang.Object, java.lang.Object, java.lang.Object, java.lang.Object, java.lang.Object, java.lang.Object, java.lang.Object, java.lang.Object, java.lang.Object, java.lang.Object, java.lang.Object)'> (0x0000000087f647d8) thrown at [src/hotspot/share/interpreter/linkResolver.cpp, line 773]
Event: 6.828 Thread 0x0000029fe1f4b800 Exception <a 'java/lang/NoSuchMethodError'{0x0000000087e691e8}: 'java.lang.Object java.lang.invoke.DirectMethodHandle$Holder.invokeStaticInit(java.lang.Object, java.lang.Object, java.lang.Object, java.lang.Object)'> (0x0000000087e691e8) thrown at [src/hotspot/share/interpreter/linkResolver.cpp, line 773]

Events (20 events):
Event: 6.979 loading class org/gradle/internal/resource/local/ivy/LocallyAvailableResourceFinderFactory
Event: 6.979 loading class org/gradle/internal/resource/local/ivy/LocallyAvailableResourceFinderFactory done
Event: 6.979 loading class org/gradle/internal/resource/local/FileStoreSearcher
Event: 6.979 loading class org/gradle/internal/resource/local/FileStoreSearcher done
Event: 6.979 loading class org/gradle/internal/Factory
Event: 6.979 loading class org/gradle/internal/Factory done
Event: 6.979 loading class org/gradle/internal/resource/local/FileStoreSearcher
Event: 6.979 loading class org/gradle/internal/resource/local/FileStoreSearcher done
Event: 6.980 loading class org/gradle/api/internal/artifacts/repositories/resolver/IvyResourcePattern
Event: 6.980 loading class org/gradle/api/internal/artifacts/repositories/resolver/IvyResourcePattern done
Event: 6.981 loading class org/gradle/api/internal/artifacts/repositories/resolver/AbstractResourcePattern
Event: 6.981 loading class org/gradle/api/internal/artifacts/repositories/resolver/AbstractResourcePattern done
Event: 6.987 loading class org/gradle/util/internal/MavenUtil
Event: 6.987 loading class org/gradle/util/internal/MavenUtil done
Event: 6.988 loading class org/gradle/api/internal/artifacts/repositories/resolver/M2ResourcePattern
Event: 6.988 loading class org/gradle/api/internal/artifacts/repositories/resolver/M2ResourcePattern done
Event: 7.004 loading class org/gradle/internal/resource/local/ivy/PatternBasedLocallyAvailableResourceFinder
Event: 7.004 loading class org/gradle/internal/resource/local/ivy/PatternBasedLocallyAvailableResourceFinder done
Event: 7.005 loading class org/gradle/internal/resource/local/ivy/PatternBasedLocallyAvailableResourceFinder$1
Event: 7.005 loading class org/gradle/internal/resource/local/ivy/PatternBasedLocallyAvailableResourceFinder$1 done


Dynamic libraries:
0x00007ff679b20000 - 0x00007ff679b2a000 	C:\Program Files\Android\Android Studio\jbr\bin\java.exe
0x00007ffe53bd0000 - 0x00007ffe53dc8000 	C:\Windows\SYSTEM32\ntdll.dll
0x00007ffe533b0000 - 0x00007ffe5346f000 	C:\Windows\System32\KERNEL32.DLL
0x00007ffe512b0000 - 0x00007ffe515a6000 	C:\Windows\System32\KERNELBASE.dll
0x00007ffe515b0000 - 0x00007ffe516b0000 	C:\Windows\System32\ucrtbase.dll
0x00007ffe3bf30000 - 0x00007ffe3bf47000 	C:\Program Files\Android\Android Studio\jbr\bin\jli.dll
0x00007ffe53070000 - 0x00007ffe5320d000 	C:\Windows\System32\USER32.dll
0x00007ffe51750000 - 0x00007ffe51772000 	C:\Windows\System32\win32u.dll
0x00007ffe3b5b0000 - 0x00007ffe3b5cb000 	C:\Program Files\Android\Android Studio\jbr\bin\VCRUNTIME140.dll
0x00007ffe53040000 - 0x00007ffe5306c000 	C:\Windows\System32\GDI32.dll
0x00007ffe51910000 - 0x00007ffe51a25000 	C:\Windows\System32\gdi32full.dll
0x00007ffe3d200000 - 0x00007ffe3d49a000 	C:\Windows\WinSxS\amd64_microsoft.windows.common-controls_6595b64144ccf1df_6.0.19041.1110_none_60b5254171f9507e\COMCTL32.dll
0x00007ffe51a30000 - 0x00007ffe51acd000 	C:\Windows\System32\msvcp_win.dll
0x00007ffe52170000 - 0x00007ffe5220e000 	C:\Windows\System32\msvcrt.dll
0x00007ffe52960000 - 0x00007ffe52990000 	C:\Windows\System32\IMM32.DLL
0x00007ffe3c710000 - 0x00007ffe3c71c000 	C:\Program Files\Android\Android Studio\jbr\bin\vcruntime140_1.dll
0x00007ffe2ce40000 - 0x00007ffe2cecd000 	C:\Program Files\Android\Android Studio\jbr\bin\msvcp140.dll
0x00007ffe0a0b0000 - 0x00007ffe0ac6c000 	C:\Program Files\Android\Android Studio\jbr\bin\server\jvm.dll
0x00007ffe52e80000 - 0x00007ffe52f2f000 	C:\Windows\System32\ADVAPI32.dll
0x00007ffe53660000 - 0x00007ffe536fc000 	C:\Windows\System32\sechost.dll
0x00007ffe529f0000 - 0x00007ffe52b16000 	C:\Windows\System32\RPCRT4.dll
0x00007ffe52f30000 - 0x00007ffe52f38000 	C:\Windows\System32\PSAPI.DLL
0x00007ffe4dae0000 - 0x00007ffe4dae9000 	C:\Windows\SYSTEM32\WSOCK32.dll
0x00007ffe52fd0000 - 0x00007ffe5303b000 	C:\Windows\System32\WS2_32.dll
0x00007ffe406e0000 - 0x00007ffe40707000 	C:\Windows\SYSTEM32\WINMM.dll
0x00007ffe47de0000 - 0x00007ffe47dea000 	C:\Windows\SYSTEM32\VERSION.dll
0x00007ffe4f110000 - 0x00007ffe4f122000 	C:\Windows\SYSTEM32\kernel.appcore.dll
0x00007ffe4c740000 - 0x00007ffe4c750000 	C:\Program Files\Android\Android Studio\jbr\bin\verify.dll
0x00007ffe3de60000 - 0x00007ffe3e044000 	C:\Windows\SYSTEM32\DBGHELP.DLL
0x00007ffe3dc00000 - 0x00007ffe3dc34000 	C:\Windows\SYSTEM32\dbgcore.DLL
0x00007ffe51780000 - 0x00007ffe51802000 	C:\Windows\System32\bcryptPrimitives.dll
0x00007ffe48900000 - 0x00007ffe48928000 	C:\Program Files\Android\Android Studio\jbr\bin\java.dll
0x00007ffe4c730000 - 0x00007ffe4c73a000 	C:\Program Files\Android\Android Studio\jbr\bin\jimage.dll
0x00007ffe4c220000 - 0x00007ffe4c238000 	C:\Program Files\Android\Android Studio\jbr\bin\zip.dll
0x00007ffe52210000 - 0x00007ffe52954000 	C:\Windows\System32\SHELL32.dll
0x00007ffe4f310000 - 0x00007ffe4faa4000 	C:\Windows\SYSTEM32\windows.storage.dll
0x00007ffe51ce0000 - 0x00007ffe52034000 	C:\Windows\System32\combase.dll
0x00007ffe50c00000 - 0x00007ffe50c2e000 	C:\Windows\SYSTEM32\Wldp.dll
0x00007ffe51c30000 - 0x00007ffe51cdd000 	C:\Windows\System32\SHCORE.dll
0x00007ffe53480000 - 0x00007ffe534d5000 	C:\Windows\System32\shlwapi.dll
0x00007ffe511e0000 - 0x00007ffe51205000 	C:\Windows\SYSTEM32\profapi.dll
0x00007ffe4ba50000 - 0x00007ffe4ba69000 	C:\Program Files\Android\Android Studio\jbr\bin\net.dll
0x00007ffe49ea0000 - 0x00007ffe49faa000 	C:\Windows\SYSTEM32\WINHTTP.dll
0x00007ffe509e0000 - 0x00007ffe50a4a000 	C:\Windows\system32\mswsock.dll
0x00007ffe4b9e0000 - 0x00007ffe4b9f3000 	C:\Program Files\Android\Android Studio\jbr\bin\nio.dll
0x00007ffe3b7b0000 - 0x00007ffe3b7d7000 	C:\Users\Admin\.gradle\native\e1d6ef7f7dcc3fd88c89a11ec53ec762bb8ba0a96d01ffa2cd45eb1d1d8dd5c5\windows-amd64\native-platform.dll
0x00007ffe2ac00000 - 0x00007ffe2ad44000 	C:\Users\Admin\.gradle\native\0d407fdbe67a94daf76414ababcb853783967236a71b16ec16e742cd7a986fd3\windows-amd64\native-platform-file-events.dll
0x00007ffe4c180000 - 0x00007ffe4c18a000 	C:\Program Files\Android\Android Studio\jbr\bin\management.dll
0x00007ffe4c150000 - 0x00007ffe4c15b000 	C:\Program Files\Android\Android Studio\jbr\bin\management_ext.dll
0x00007ffe50f40000 - 0x00007ffe50f58000 	C:\Windows\SYSTEM32\CRYPTSP.dll
0x00007ffe502b0000 - 0x00007ffe502e4000 	C:\Windows\system32\rsaenh.dll
0x00007ffe516b0000 - 0x00007ffe516d7000 	C:\Windows\System32\bcrypt.dll
0x00007ffe511a0000 - 0x00007ffe511ce000 	C:\Windows\SYSTEM32\USERENV.dll
0x00007ffe50b70000 - 0x00007ffe50b7c000 	C:\Windows\SYSTEM32\CRYPTBASE.dll
0x00007ffe506a0000 - 0x00007ffe506dc000 	C:\Windows\SYSTEM32\IPHLPAPI.DLL
0x00007ffe53470000 - 0x00007ffe53478000 	C:\Windows\System32\NSI.dll
0x00007ffe4a360000 - 0x00007ffe4a377000 	C:\Windows\SYSTEM32\dhcpcsvc6.DLL
0x00007ffe4a340000 - 0x00007ffe4a35d000 	C:\Windows\SYSTEM32\dhcpcsvc.DLL
0x00007ffe506f0000 - 0x00007ffe507ba000 	C:\Windows\SYSTEM32\DNSAPI.dll

dbghelp: loaded successfully - version: 4.0.5 - missing functions: none
symbol engine: initialized successfully - sym options: 0x614 - pdb path: .;C:\Program Files\Android\Android Studio\jbr\bin;C:\Windows\SYSTEM32;C:\Windows\WinSxS\amd64_microsoft.windows.common-controls_6595b64144ccf1df_6.0.19041.1110_none_60b5254171f9507e;C:\Program Files\Android\Android Studio\jbr\bin\server;C:\Users\Admin\.gradle\native\e1d6ef7f7dcc3fd88c89a11ec53ec762bb8ba0a96d01ffa2cd45eb1d1d8dd5c5\windows-amd64;C:\Users\Admin\.gradle\native\0d407fdbe67a94daf76414ababcb853783967236a71b16ec16e742cd7a986fd3\windows-amd64

VM Arguments:
jvm_args: --add-opens=java.base/java.util=ALL-UNNAMED --add-opens=java.base/java.lang=ALL-UNNAMED --add-opens=java.base/java.lang.invoke=ALL-UNNAMED --add-opens=java.base/java.util=ALL-UNNAMED --add-opens=java.prefs/java.util.prefs=ALL-UNNAMED --add-opens=java.prefs/java.util.prefs=ALL-UNNAMED --add-opens=java.base/java.nio.charset=ALL-UNNAMED --add-opens=java.base/java.net=ALL-UNNAMED --add-opens=java.base/java.util.concurrent.atomic=ALL-UNNAMED -Xmx2048m -Dfile.encoding=UTF-8 -Duser.country=IN -Duser.language=en -Duser.variant 
java_command: org.gradle.launcher.daemon.bootstrap.GradleDaemon 7.5
java_class_path (initial): C:\Users\Admin\.gradle\wrapper\dists\gradle-7.5-bin\f1w0cc9nuo0eivz97x2xlu9sv\gradle-7.5\lib\gradle-launcher-7.5.jar
Launcher Type: SUN_STANDARD

[Global flags]
     intx CICompilerCount                          = 3                                         {product} {ergonomic}
     uint ConcGCThreads                            = 1                                         {product} {ergonomic}
     uint G1ConcRefinementThreads                  = 4                                         {product} {ergonomic}
   size_t G1HeapRegionSize                         = 1048576                                   {product} {ergonomic}
    uintx GCDrainStackTargetSize                   = 64                                        {product} {ergonomic}
   size_t InitialHeapSize                          = 134217728                                 {product} {ergonomic}
   size_t MarkStackSize                            = 4194304                                   {product} {ergonomic}
   size_t MaxHeapSize                              = 2147483648                                {product} {command line}
   size_t MaxNewSize                               = 1287651328                                {product} {ergonomic}
   size_t MinHeapDeltaBytes                        = 1048576                                   {product} {ergonomic}
    uintx NonNMethodCodeHeapSize                   = 5830732                                {pd product} {ergonomic}
    uintx NonProfiledCodeHeapSize                  = 122913754                              {pd product} {ergonomic}
    uintx ProfiledCodeHeapSize                     = 122913754                              {pd product} {ergonomic}
    uintx ReservedCodeCacheSize                    = 251658240                              {pd product} {ergonomic}
     bool SegmentedCodeCache                       = true                                      {product} {ergonomic}
     bool UseCompressedClassPointers               = true                                 {lp64_product} {ergonomic}
     bool UseCompressedOops                        = true                                 {lp64_product} {ergonomic}
     bool UseG1GC                                  = true                                      {product} {ergonomic}
     bool UseLargePagesIndividualAllocation        = false                                  {pd product} {ergonomic}

Logging:
Log output configuration:
 #0: stdout all=warning uptime,level,tags
 #1: stderr all=off uptime,level,tags

Environment Variables:
PATH=C:\Program Files (x86)\Common Files\Oracle\Java\javapath;C:\app\Admin\product\21c\dbhomeXE\bin;C:\Windows\system32;C:\Windows;C:\Windows\System32\Wbem;C:\Windows\System32\WindowsPowerShell\v1.0\;C:\Windows\System32\OpenSSH\;C:\Program Files\Microsoft SQL Server\150\Tools\Binn\;C:\Users\Admin\AppData\Local\Android\Sdk;C:\Program Files\Microsoft\Web Platform Installer\;C:\Program Files (x86)\Microsoft ASP.NET\ASP.NET Web Pages\v1.0\;C:\Program Files (x86)\Windows Kits\8.0\Windows Performance Toolkit\;C:\Program Files\Microsoft SQL Server\110\Tools\Binn\;C:\Program Files\Git\cmd;C:\Users\Admin\AppData\Local\Programs\Python\Python311\Scripts\;C:\Users\Admin\AppData\Local\Programs\Python\Python311\;C:\sqlite3;C:\flutter\bin\;C:\Users\Admin\AppData\Local\Programs\Microsoft VS Code\bin;D:\New folder\IntelliJ IDEA Community Edition 2023.1.3\bin;;
USERNAME=Admin
OS=Windows_NT
PROCESSOR_IDENTIFIER=Intel64 Family 6 Model 60 Stepping 3, GenuineIntel



---------------  S Y S T E M  ---------------

OS: Windows 10 , 64 bit Build 19041 (10.0.19041.3155)
OS uptime: 5 days 21:05 hours
Hyper-V role detected

CPU:total 4 (initial active 4) (2 cores per cpu, 2 threads per core) family 6 model 60 stepping 3 microcode 0x27, cmov, cx8, fxsr, mmx, sse, sse2, sse3, ssse3, sse4.1, sse4.2, popcnt, avx, avx2, aes, clmul, erms, lzcnt, ht, tsc, tscinvbit, bmi1, bmi2, fma

Memory: 4k page, system-wide physical 8089M (1367M free)
TotalPageFile size 23281M (AvailPageFile size 3M)
current process WorkingSet (physical memory assigned to process): 244M, peak: 244M
current process commit charge ("private bytes"): 293M, peak: 296M

vm_info: OpenJDK 64-Bit Server VM (11.0.15+0-b2043.56-9505619) for windows-amd64 JRE (11.0.15+0-b2043.56-9505619), built on Jan 19 2023 02:48:00 by "builduser" with unknown MS VC++:1929

END.
